# JRE version: Java(TM) SE Runtime Environment (17.0.6+9) (build 17.0.6+9-LTS-190)
# Java VM: Java HotSpot(TM) 64-Bit Server VM (17.0.6+9-LTS-190, mixed mode, sharing, tiered, compressed oops, compressed class ptrs, g1 gc, windows-amd64)
GC Precious Log:
 CPUs: 4 total, 4 available
 Memory: 8073M
 Large Page Support: Disabled
 NUMA Support: Disabled
 Compressed Oops: Enabled (32-bit)
 Heap Region Size: 1M
 Heap Min Capacity: 8M
 Heap Initial Capacity: 128M
 Heap Max Capacity: 2G
 Pre-touch: Disabled
 Parallel Workers: 4
 Concurrent Workers: 1
 Concurrent Refinement Workers: 4
 Periodic GC: Disabled
Heap:
 garbage-first heap   total 257024K, used 215644K [0x0000000080000000, 0x0000000100000000)
  region size 1024K, 26 young (26624K), 4 survivors (4096K)
 Metaspace       used 108709K, committed 109632K, reserved 520192K
  class space    used 14984K, committed 15424K, reserved 421888K
GC Heap History (20 events):
Event: 106.004 GC heap before
{Heap before GC invocations=53 (full 0):
 garbage-first heap   total 257024K, used 206848K [0x0000000080000000, 0x0000000100000000)
  region size 1024K, 64 young (65536K), 9 survivors (9216K)
 Metaspace       used 103111K, committed 104000K, reserved 512000K
  class space    used 14307K, committed 14784K, reserved 421888K
}
Event: 106.081 GC heap after
{Heap after GC invocations=54 (full 0):
 garbage-first heap   total 257024K, used 159643K [0x0000000080000000, 0x0000000100000000)
  region size 1024K, 8 young (8192K), 8 survivors (8192K)
 Metaspace       used 103111K, committed 104000K, reserved 512000K
  class space    used 14307K, committed 14784K, reserved 421888K
}
Event: 109.285 GC heap before
{Heap before GC invocations=54 (full 0):
 garbage-first heap   total 257024K, used 208795K [0x0000000080000000, 0x0000000100000000)
  region size 1024K, 56 young (57344K), 8 survivors (8192K)
 Metaspace       used 104617K, committed 105536K, reserved 520192K
  class space    used 14526K, committed 14976K, reserved 421888K
}
Event: 109.366 GC heap after
{Heap after GC invocations=55 (full 0):
 garbage-first heap   total 257024K, used 167204K [0x0000000080000000, 0x0000000100000000)
  region size 1024K, 7 young (7168K), 7 survivors (7168K)
 Metaspace       used 104617K, committed 105536K, reserved 520192K
  class space    used 14526K, committed 14976K, reserved 421888K
}
Event: 113.480 GC heap before
{Heap before GC invocations=55 (full 0):
 garbage-first heap   total 257024K, used 211236K [0x0000000080000000, 0x0000000100000000)
  region size 1024K, 50 young (51200K), 7 survivors (7168K)
 Metaspace       used 105566K, committed 106496K, reserved 520192K
  class space    used 14590K, committed 15040K, reserved 421888K
}
Event: 113.513 GC heap after
{Heap after GC invocations=56 (full 0):
 garbage-first heap   total 257024K, used 172093K [0x0000000080000000, 0x0000000100000000)
  region size 1024K, 5 young (5120K), 5 survivors (5120K)
 Metaspace       used 105566K, committed 106496K, reserved 520192K
  class space    used 14590K, committed 15040K, reserved 421888K
}
Event: 116.105 GC heap before
{Heap before GC invocations=56 (full 0):
 garbage-first heap   total 257024K, used 214077K [0x0000000080000000, 0x0000000100000000)
  region size 1024K, 46 young (47104K), 5 survivors (5120K)
 Metaspace       used 106488K, committed 107456K, reserved 520192K
  class space    used 14678K, committed 15168K, reserved 421888K
}
Event: 116.125 GC heap after
{Heap after GC invocations=57 (full 0):
 garbage-first heap   total 257024K, used 173978K [0x0000000080000000, 0x0000000100000000)
  region size 1024K, 2 young (2048K), 2 survivors (2048K)
 Metaspace       used 106488K, committed 107456K, reserved 520192K
  class space    used 14678K, committed 15168K, reserved 421888K
}
Event: 120.121 GC heap before
{Heap before GC invocations=57 (full 0):
 garbage-first heap   total 257024K, used 216986K [0x0000000080000000, 0x0000000100000000)
  region size 1024K, 44 young (45056K), 2 survivors (2048K)
 Metaspace       used 108111K, committed 108928K, reserved 520192K
  class space    used 14908K, committed 15296K, reserved 421888K
}
Event: 120.137 GC heap after
{Heap after GC invocations=58 (full 0):
 garbage-first heap   total 257024K, used 175523K [0x0000000080000000, 0x0000000100000000)
  region size 1024K, 4 young (4096K), 4 survivors (4096K)
 Metaspace       used 108111K, committed 108928K, reserved 520192K
  class space    used 14908K, committed 15296K, reserved 421888K
}
Event: 122.830 GC heap before
{Heap before GC invocations=58 (full 0):
 garbage-first heap   total 257024K, used 219555K [0x0000000080000000, 0x0000000100000000)
  region size 1024K, 47 young (48128K), 4 survivors (4096K)
 Metaspace       used 108380K, committed 109184K, reserved 520192K
  class space    used 14948K, committed 15360K, reserved 421888K
}
Event: 122.850 GC heap after
{Heap after GC invocations=59 (full 0):
 garbage-first heap   total 257024K, used 180707K [0x0000000080000000, 0x0000000100000000)
  region size 1024K, 6 young (6144K), 6 survivors (6144K)
 Metaspace       used 108380K, committed 109184K, reserved 520192K
  class space    used 14948K, committed 15360K, reserved 421888K
}
Event: 124.450 GC heap before
{Heap before GC invocations=59 (full 0):
 garbage-first heap   total 257024K, used 217571K [0x0000000080000000, 0x0000000100000000)
  region size 1024K, 43 young (44032K), 6 survivors (6144K)
 Metaspace       used 108466K, committed 109312K, reserved 520192K
  class space    used 14948K, committed 15360K, reserved 421888K
}
Event: 124.468 GC heap after
{Heap after GC invocations=60 (full 0):
 garbage-first heap   total 257024K, used 184640K [0x0000000080000000, 0x0000000100000000)
  region size 1024K, 6 young (6144K), 6 survivors (6144K)
 Metaspace       used 108466K, committed 109312K, reserved 520192K
  class space    used 14948K, committed 15360K, reserved 421888K
}
Event: 125.711 GC heap before
{Heap before GC invocations=60 (full 0):
 garbage-first heap   total 257024K, used 218432K [0x0000000080000000, 0x0000000100000000)
  region size 1024K, 39 young (39936K), 6 survivors (6144K)
 Metaspace       used 108540K, committed 109440K, reserved 520192K
  class space    used 14960K, committed 15360K, reserved 421888K
}
Event: 125.731 GC heap after
{Heap after GC invocations=61 (full 0):
 garbage-first heap   total 257024K, used 187087K [0x0000000080000000, 0x0000000100000000)
  region size 1024K, 4 young (4096K), 4 survivors (4096K)
 Metaspace       used 108540K, committed 109440K, reserved 520192K
  class space    used 14960K, committed 15360K, reserved 421888K
}
Event: 127.109 GC heap before
{Heap before GC invocations=61 (full 0):
 garbage-first heap   total 257024K, used 218831K [0x0000000080000000, 0x0000000100000000)
  region size 1024K, 35 young (35840K), 4 survivors (4096K)
 Metaspace       used 108665K, committed 109568K, reserved 520192K
  class space    used 14983K, committed 15424K, reserved 421888K
}
Event: 127.131 GC heap after
{Heap after GC invocations=62 (full 0):
 garbage-first heap   total 257024K, used 191869K [0x0000000080000000, 0x0000000100000000)
  region size 1024K, 5 young (5120K), 5 survivors (5120K)
 Metaspace       used 108665K, committed 109568K, reserved 520192K
  class space    used 14983K, committed 15424K, reserved 421888K
}
Event: 128.075 GC heap before
{Heap before GC invocations=62 (full 0):
 garbage-first heap   total 257024K, used 219517K [0x0000000080000000, 0x0000000100000000)
  region size 1024K, 32 young (32768K), 5 survivors (5120K)
 Metaspace       used 108690K, committed 109632K, reserved 520192K
  class space    used 14983K, committed 15424K, reserved 421888K
}
Event: 128.097 GC heap after
{Heap after GC invocations=63 (full 0):
 garbage-first heap   total 257024K, used 195164K [0x0000000080000000, 0x0000000100000000)
  region size 1024K, 4 young (4096K), 4 survivors (4096K)
 Metaspace       used 108690K, committed 109632K, reserved 520192K
  class space    used 14983K, committed 15424K, reserved 421888K
}

